build/app/intermediates/manifest_merge_blame_file/debug/manifest-merger-blame-debug-report.txt
1<?xml version="1.0" encoding="utf-8"?>
2<manifest xmlns:android="http://schemas.android.com/apk/res/android"
3    package="com.dothething.bizo"
4    android:versionCode="1"
5    android:versionName="1.0.0" >
6
7    <uses-sdk
8        android:minSdkVersion="16"
9        android:targetSdkVersion="30" />
10    <!--
11         Flutter needs it to communicate with the running application
12         to allow setting breakpoints, to provide hot reload, etc.
13    -->
14    <uses-permission android:name="android.permission.INTERNET" />
14-->src/debug/AndroidManifest.xml:6:5-66
14-->src/debug/AndroidManifest.xml:6:22-64
15    <uses-permission android:name="android.permission.ACCESS_NETWORK_STATE" />
15-->[com.google.firebase:firebase-auth:21.0.1] AndroidManifest.xml:24:5-79
15-->[com.google.firebase:firebase-auth:21.0.1] AndroidManifest.xml:24:22-76
16    <uses-permission android:name="android.permission.WAKE_LOCK" />
16-->[com.google.android.gms:play-services-measurement-api:19.0.2] AndroidManifest.xml:24:5-68
16-->[com.google.android.gms:play-services-measurement-api:19.0.2] AndroidManifest.xml:24:22-65
17    <uses-permission android:name="com.google.android.finsky.permission.BIND_GET_INSTALL_REFERRER_SERVICE" />
17-->[com.google.android.gms:play-services-measurement:19.0.2] AndroidManifest.xml:26:5-110
17-->[com.google.android.gms:play-services-measurement:19.0.2] AndroidManifest.xml:26:22-107
18
19    <application
19-->src/main/AndroidManifest.xml:3:4-40:19
20        android:name="androidx.multidex.MultiDexApplication"
21        android:appComponentFactory="androidx.core.app.CoreComponentFactory"
21-->[androidx.core:core:1.1.0] AndroidManifest.xml:24:18-86
22        android:debuggable="true"
23        android:icon="@mipmap/ic_launcher"
23-->src/main/AndroidManifest.xml:5:9-43
24        android:label="bizo" >
24-->src/main/AndroidManifest.xml:4:9-29
25        <activity
25-->src/main/AndroidManifest.xml:6:9-34:20
26            android:name="com.dothething.bizo.MainActivity"
26-->src/main/AndroidManifest.xml:7:13-41
27            android:configChanges="orientation|keyboardHidden|keyboard|screenSize|smallestScreenSize|locale|layoutDirection|fontScale|screenLayout|density|uiMode"
27-->src/main/AndroidManifest.xml:10:13-163
28            android:hardwareAccelerated="true"
28-->src/main/AndroidManifest.xml:11:13-47
29            android:launchMode="singleTop"
29-->src/main/AndroidManifest.xml:8:13-43
30            android:theme="@style/LaunchTheme"
30-->src/main/AndroidManifest.xml:9:13-47
31            android:windowSoftInputMode="adjustResize" >
31-->src/main/AndroidManifest.xml:12:13-55
32
33            <!--
34                 Specifies an Android theme to apply to this Activity as soon as
35                 the Android process has started. This theme is visible to the user
36                 while the Flutter UI initializes. After that, this theme continues
37                 to determine the Window background behind the Flutter UI.
38            -->
39            <meta-data
39-->src/main/AndroidManifest.xml:17:13-20:17
40                android:name="io.flutter.embedding.android.NormalTheme"
40-->src/main/AndroidManifest.xml:18:15-70
41                android:resource="@style/NormalTheme" />
41-->src/main/AndroidManifest.xml:19:15-52
42            <!--
43                 Displays an Android View that continues showing the launch screen
44                 Drawable until Flutter paints its first frame, then this splash
45                 screen fades out. A splash screen is useful to avoid any visual
46                 gap between the end of Android's launch screen and the painting of
47                 Flutter's first frame.
48            -->
49            <meta-data
49-->src/main/AndroidManifest.xml:26:13-29:17
50                android:name="io.flutter.embedding.android.SplashScreenDrawable"
50-->src/main/AndroidManifest.xml:27:15-79
51                android:resource="@drawable/launch_background" />
51-->src/main/AndroidManifest.xml:28:15-61
52
53            <intent-filter>
53-->src/main/AndroidManifest.xml:30:13-33:29
54                <action android:name="android.intent.action.MAIN" />
54-->src/main/AndroidManifest.xml:31:17-68
54-->src/main/AndroidManifest.xml:31:25-66
55
56                <category android:name="android.intent.category.LAUNCHER" />
56-->src/main/AndroidManifest.xml:32:17-76
56-->src/main/AndroidManifest.xml:32:27-74
57            </intent-filter>
58        </activity>
59        <!--
60             Don't delete the meta-data below.
61             This is used by the Flutter tool to generate GeneratedPluginRegistrant.java
62        -->
63        <meta-data
63-->src/main/AndroidManifest.xml:37:9-39:33
64            android:name="flutterEmbedding"
64-->src/main/AndroidManifest.xml:38:13-44
65            android:value="2" />
65-->src/main/AndroidManifest.xml:39:13-30
66
67        <service
67-->[:firebase_auth] AndroidManifest.xml:8:9-12:19
68            android:name="com.google.firebase.components.ComponentDiscoveryService"
68-->[:firebase_auth] AndroidManifest.xml:8:18-89
69            android:directBootAware="true"
69-->[com.google.firebase:firebase-common:20.0.0] AndroidManifest.xml:35:13-43
70            android:exported="false" >
70-->[com.google.firebase:firebase-analytics-ktx:19.0.2] AndroidManifest.xml:10:13-37
71            <meta-data
71-->[:firebase_auth] AndroidManifest.xml:9:13-11:85
72                android:name="com.google.firebase.components:io.flutter.plugins.firebase.auth.FlutterFirebaseAuthRegistrar"
72-->[:firebase_auth] AndroidManifest.xml:10:17-124
73                android:value="com.google.firebase.components.ComponentRegistrar" />
73-->[:firebase_auth] AndroidManifest.xml:11:17-82
74            <meta-data
74-->[:firebase_storage] AndroidManifest.xml:9:13-11:85
75                android:name="com.google.firebase.components:io.flutter.plugins.firebase.storage.FlutterFirebaseAppRegistrar"
75-->[:firebase_storage] AndroidManifest.xml:10:17-126
76                android:value="com.google.firebase.components.ComponentRegistrar" />
76-->[:firebase_storage] AndroidManifest.xml:11:17-82
77            <meta-data
77-->[:cloud_firestore] AndroidManifest.xml:9:13-11:85
78                android:name="com.google.firebase.components:io.flutter.plugins.firebase.firestore.FlutterFirebaseFirestoreRegistrar"
78-->[:cloud_firestore] AndroidManifest.xml:10:17-134
79                android:value="com.google.firebase.components.ComponentRegistrar" />
79-->[:cloud_firestore] AndroidManifest.xml:11:17-82
80            <meta-data
80-->[:firebase_core] AndroidManifest.xml:9:13-11:85
81                android:name="com.google.firebase.components:io.flutter.plugins.firebase.core.FlutterFirebaseCoreRegistrar"
81-->[:firebase_core] AndroidManifest.xml:10:17-124
82                android:value="com.google.firebase.components.ComponentRegistrar" />
82-->[:firebase_core] AndroidManifest.xml:11:17-82
83            <meta-data
83-->[com.google.firebase:firebase-analytics-ktx:19.0.2] AndroidManifest.xml:11:13-13:85
84                android:name="com.google.firebase.components:com.google.firebase.analytics.ktx.FirebaseAnalyticsKtxRegistrar"
84-->[com.google.firebase:firebase-analytics-ktx:19.0.2] AndroidManifest.xml:12:17-126
85                android:value="com.google.firebase.components.ComponentRegistrar" />
85-->[com.google.firebase:firebase-analytics-ktx:19.0.2] AndroidManifest.xml:13:17-82
86            <meta-data
86-->[com.google.firebase:firebase-common-ktx:20.0.0] AndroidManifest.xml:15:13-17:85
87                android:name="com.google.firebase.components:com.google.firebase.ktx.FirebaseCommonKtxRegistrar"
87-->[com.google.firebase:firebase-common-ktx:20.0.0] AndroidManifest.xml:16:17-113
88                android:value="com.google.firebase.components.ComponentRegistrar" />
88-->[com.google.firebase:firebase-common-ktx:20.0.0] AndroidManifest.xml:17:17-82
89            <meta-data
89-->[com.google.firebase:firebase-auth:21.0.1] AndroidManifest.xml:77:13-79:85
90                android:name="com.google.firebase.components:com.google.firebase.auth.FirebaseAuthRegistrar"
90-->[com.google.firebase:firebase-auth:21.0.1] AndroidManifest.xml:78:17-109
91                android:value="com.google.firebase.components.ComponentRegistrar" />
91-->[com.google.firebase:firebase-auth:21.0.1] AndroidManifest.xml:79:17-82
92            <meta-data
92-->[com.google.firebase:firebase-firestore:23.0.4] AndroidManifest.xml:20:13-22:85
93                android:name="com.google.firebase.components:com.google.firebase.firestore.FirestoreRegistrar"
93-->[com.google.firebase:firebase-firestore:23.0.4] AndroidManifest.xml:21:17-111
94                android:value="com.google.firebase.components.ComponentRegistrar" />
94-->[com.google.firebase:firebase-firestore:23.0.4] AndroidManifest.xml:22:17-82
95            <meta-data
95-->[com.google.firebase:firebase-storage:20.0.0] AndroidManifest.xml:33:13-35:85
96                android:name="com.google.firebase.components:com.google.firebase.storage.StorageRegistrar"
96-->[com.google.firebase:firebase-storage:20.0.0] AndroidManifest.xml:34:17-107
97                android:value="com.google.firebase.components.ComponentRegistrar" />
97-->[com.google.firebase:firebase-storage:20.0.0] AndroidManifest.xml:35:17-82
98            <meta-data
98-->[com.google.android.gms:play-services-measurement-api:19.0.2] AndroidManifest.xml:30:13-32:85
99                android:name="com.google.firebase.components:com.google.firebase.analytics.connector.internal.AnalyticsConnectorRegistrar"
99-->[com.google.android.gms:play-services-measurement-api:19.0.2] AndroidManifest.xml:31:17-139
100                android:value="com.google.firebase.components.ComponentRegistrar" />
100-->[com.google.android.gms:play-services-measurement-api:19.0.2] AndroidManifest.xml:32:17-82
101            <meta-data
101-->[com.google.firebase:firebase-installations:17.0.0] AndroidManifest.xml:18:13-20:85
102                android:name="com.google.firebase.components:com.google.firebase.installations.FirebaseInstallationsRegistrar"
102-->[com.google.firebase:firebase-installations:17.0.0] AndroidManifest.xml:19:17-127
103                android:value="com.google.firebase.components.ComponentRegistrar" />
103-->[com.google.firebase:firebase-installations:17.0.0] AndroidManifest.xml:20:17-82
104        </service>
105
106        <provider
106-->[:image_picker] AndroidManifest.xml:8:9-16:20
107            android:name="io.flutter.plugins.imagepicker.ImagePickerFileProvider"
107-->[:image_picker] AndroidManifest.xml:9:13-82
108            android:authorities="com.dothething.bizo.flutter.image_provider"
108-->[:image_picker] AndroidManifest.xml:10:13-74
109            android:exported="false"
109-->[:image_picker] AndroidManifest.xml:11:13-37
110            android:grantUriPermissions="true" >
110-->[:image_picker] AndroidManifest.xml:12:13-47
111            <meta-data
111-->[:image_picker] AndroidManifest.xml:13:13-15:75
112                android:name="android.support.FILE_PROVIDER_PATHS"
112-->[:image_picker] AndroidManifest.xml:14:17-67
113                android:resource="@xml/flutter_image_picker_file_paths" />
113-->[:image_picker] AndroidManifest.xml:15:17-72
114        </provider>
115
116        <activity
116-->[com.google.firebase:firebase-auth:21.0.1] AndroidManifest.xml:27:9-44:20
117            android:name="com.google.firebase.auth.internal.GenericIdpActivity"
117-->[com.google.firebase:firebase-auth:21.0.1] AndroidManifest.xml:28:13-80
118            android:excludeFromRecents="true"
118-->[com.google.firebase:firebase-auth:21.0.1] AndroidManifest.xml:29:13-46
119            android:exported="true"
119-->[com.google.firebase:firebase-auth:21.0.1] AndroidManifest.xml:30:13-36
120            android:launchMode="singleTask"
120-->[com.google.firebase:firebase-auth:21.0.1] AndroidManifest.xml:31:13-44
121            android:theme="@android:style/Theme.Translucent.NoTitleBar" >
121-->[com.google.firebase:firebase-auth:21.0.1] AndroidManifest.xml:32:13-72
122            <intent-filter>
122-->[com.google.firebase:firebase-auth:21.0.1] AndroidManifest.xml:33:13-43:29
123                <action android:name="android.intent.action.VIEW" />
123-->[com.google.firebase:firebase-auth:21.0.1] AndroidManifest.xml:34:17-69
123-->[com.google.firebase:firebase-auth:21.0.1] AndroidManifest.xml:34:25-66
124
125                <category android:name="android.intent.category.DEFAULT" />
125-->[com.google.firebase:firebase-auth:21.0.1] AndroidManifest.xml:36:17-76
125-->[com.google.firebase:firebase-auth:21.0.1] AndroidManifest.xml:36:27-73
126                <category android:name="android.intent.category.BROWSABLE" />
126-->[com.google.firebase:firebase-auth:21.0.1] AndroidManifest.xml:37:17-78
126-->[com.google.firebase:firebase-auth:21.0.1] AndroidManifest.xml:37:27-75
127
128                <data
128-->[com.google.firebase:firebase-auth:21.0.1] AndroidManifest.xml:39:17-42:51
129                    android:host="firebase.auth"
129-->[com.google.firebase:firebase-auth:21.0.1] AndroidManifest.xml:40:21-49
130                    android:path="/"
130-->[com.google.firebase:firebase-auth:21.0.1] AndroidManifest.xml:41:21-37
131                    android:scheme="genericidp" />
131-->[com.google.firebase:firebase-auth:21.0.1] AndroidManifest.xml:42:21-48
132            </intent-filter>
133        </activity>
134        <activity
134-->[com.google.firebase:firebase-auth:21.0.1] AndroidManifest.xml:45:9-62:20
135            android:name="com.google.firebase.auth.internal.RecaptchaActivity"
135-->[com.google.firebase:firebase-auth:21.0.1] AndroidManifest.xml:46:13-79
136            android:excludeFromRecents="true"
136-->[com.google.firebase:firebase-auth:21.0.1] AndroidManifest.xml:47:13-46
137            android:exported="true"
137-->[com.google.firebase:firebase-auth:21.0.1] AndroidManifest.xml:48:13-36
138            android:launchMode="singleTask"
138-->[com.google.firebase:firebase-auth:21.0.1] AndroidManifest.xml:49:13-44
139            android:theme="@android:style/Theme.Translucent.NoTitleBar" >
139-->[com.google.firebase:firebase-auth:21.0.1] AndroidManifest.xml:50:13-72
140            <intent-filter>
140-->[com.google.firebase:firebase-auth:21.0.1] AndroidManifest.xml:51:13-61:29
141                <action android:name="android.intent.action.VIEW" />
141-->[com.google.firebase:firebase-auth:21.0.1] AndroidManifest.xml:34:17-69
141-->[com.google.firebase:firebase-auth:21.0.1] AndroidManifest.xml:34:25-66
142
143                <category android:name="android.intent.category.DEFAULT" />
143-->[com.google.firebase:firebase-auth:21.0.1] AndroidManifest.xml:36:17-76
143-->[com.google.firebase:firebase-auth:21.0.1] AndroidManifest.xml:36:27-73
144                <category android:name="android.intent.category.BROWSABLE" />
144-->[com.google.firebase:firebase-auth:21.0.1] AndroidManifest.xml:37:17-78
144-->[com.google.firebase:firebase-auth:21.0.1] AndroidManifest.xml:37:27-75
145
146                <data
146-->[com.google.firebase:firebase-auth:21.0.1] AndroidManifest.xml:39:17-42:51
147                    android:host="firebase.auth"
147-->[com.google.firebase:firebase-auth:21.0.1] AndroidManifest.xml:40:21-49
148                    android:path="/"
148-->[com.google.firebase:firebase-auth:21.0.1] AndroidManifest.xml:41:21-37
149                    android:scheme="recaptcha" />
149-->[com.google.firebase:firebase-auth:21.0.1] AndroidManifest.xml:42:21-48
150            </intent-filter>
151        </activity>
152
153        <service
153-->[com.google.firebase:firebase-auth:21.0.1] AndroidManifest.xml:64:9-73:19
154            android:name="com.google.firebase.auth.api.fallback.service.FirebaseAuthFallbackService"
154-->[com.google.firebase:firebase-auth:21.0.1] AndroidManifest.xml:65:13-101
155            android:enabled="true"
155-->[com.google.firebase:firebase-auth:21.0.1] AndroidManifest.xml:66:13-35
156            android:exported="false" >
156-->[com.google.firebase:firebase-auth:21.0.1] AndroidManifest.xml:67:13-37
157            <intent-filter>
157-->[com.google.firebase:firebase-auth:21.0.1] AndroidManifest.xml:68:13-72:29
158                <action android:name="com.google.firebase.auth.api.gms.service.START" />
158-->[com.google.firebase:firebase-auth:21.0.1] AndroidManifest.xml:69:17-89
158-->[com.google.firebase:firebase-auth:21.0.1] AndroidManifest.xml:69:25-86
159
160                <category android:name="android.intent.category.DEFAULT" />
160-->[com.google.firebase:firebase-auth:21.0.1] AndroidManifest.xml:36:17-76
160-->[com.google.firebase:firebase-auth:21.0.1] AndroidManifest.xml:36:27-73
161            </intent-filter>
162        </service>
163
164        <provider
164-->[com.google.firebase:firebase-common:20.0.0] AndroidManifest.xml:26:9-31:39
165            android:name="com.google.firebase.provider.FirebaseInitProvider"
165-->[com.google.firebase:firebase-common:20.0.0] AndroidManifest.xml:27:13-77
166            android:authorities="com.dothething.bizo.firebaseinitprovider"
166-->[com.google.firebase:firebase-common:20.0.0] AndroidManifest.xml:28:13-72
167            android:directBootAware="true"
167-->[com.google.firebase:firebase-common:20.0.0] AndroidManifest.xml:29:13-43
168            android:exported="false"
168-->[com.google.firebase:firebase-common:20.0.0] AndroidManifest.xml:30:13-37
169            android:initOrder="100" />
169-->[com.google.firebase:firebase-common:20.0.0] AndroidManifest.xml:31:13-36
170
171        <activity
171-->[com.google.android.gms:play-services-base:17.1.0] AndroidManifest.xml:23:9-26:75
172            android:name="com.google.android.gms.common.api.GoogleApiActivity"
172-->[com.google.android.gms:play-services-base:17.1.0] AndroidManifest.xml:24:13-79
173            android:exported="false"
173-->[com.google.android.gms:play-services-base:17.1.0] AndroidManifest.xml:25:13-37
174            android:theme="@android:style/Theme.Translucent.NoTitleBar" />
174-->[com.google.android.gms:play-services-base:17.1.0] AndroidManifest.xml:26:13-72
175
176        <receiver
176-->[com.google.android.gms:play-services-measurement:19.0.2] AndroidManifest.xml:29:9-33:20
177            android:name="com.google.android.gms.measurement.AppMeasurementReceiver"
177-->[com.google.android.gms:play-services-measurement:19.0.2] AndroidManifest.xml:30:13-85
178            android:enabled="true"
178-->[com.google.android.gms:play-services-measurement:19.0.2] AndroidManifest.xml:31:13-35
179            android:exported="false" >
179-->[com.google.android.gms:play-services-measurement:19.0.2] AndroidManifest.xml:32:13-37
180        </receiver>
181
182        <service
182-->[com.google.android.gms:play-services-measurement:19.0.2] AndroidManifest.xml:35:9-38:40
183            android:name="com.google.android.gms.measurement.AppMeasurementService"
183-->[com.google.android.gms:play-services-measurement:19.0.2] AndroidManifest.xml:36:13-84
184            android:enabled="true"
184-->[com.google.android.gms:play-services-measurement:19.0.2] AndroidManifest.xml:37:13-35
185            android:exported="false" />
185-->[com.google.android.gms:play-services-measurement:19.0.2] AndroidManifest.xml:38:13-37
186        <service
186-->[com.google.android.gms:play-services-measurement:19.0.2] AndroidManifest.xml:39:9-43:72
187            android:name="com.google.android.gms.measurement.AppMeasurementJobService"
187-->[com.google.android.gms:play-services-measurement:19.0.2] AndroidManifest.xml:40:13-87
188            android:enabled="true"
188-->[com.google.android.gms:play-services-measurement:19.0.2] AndroidManifest.xml:41:13-35
189            android:exported="false"
189-->[com.google.android.gms:play-services-measurement:19.0.2] AndroidManifest.xml:42:13-37
190            android:permission="android.permission.BIND_JOB_SERVICE" />
190-->[com.google.android.gms:play-services-measurement:19.0.2] AndroidManifest.xml:43:13-69
191
192        <meta-data
192-->[com.google.android.gms:play-services-basement:17.1.0] AndroidManifest.xml:23:9-25:69
193            android:name="com.google.android.gms.version"
193-->[com.google.android.gms:play-services-basement:17.1.0] AndroidManifest.xml:24:13-58
194            android:value="@integer/google_play_services_version" />
194-->[com.google.android.gms:play-services-basement:17.1.0] AndroidManifest.xml:25:13-66
195    </application>
196
197</manifest>